c:\users\dwarfkhan\documents\work\cs 212 new\fightquest\fightquest\debug\vc140.pdb
c:\users\dwarfkhan\documents\work\cs 212 new\fightquest\fightquest\debug\vc140.idb
c:\users\dwarfkhan\documents\work\cs 212 new\fightquest\fightquest\debug\fighter.obj
c:\users\dwarfkhan\documents\work\cs 212 new\fightquest\fightquest\debug\program.obj
c:\users\dwarfkhan\documents\work\cs 212 new\fightquest\fightquest\debug\shop.obj
c:\users\dwarfkhan\documents\work\cs 212 new\fightquest\fightquest\debug\potion.obj
c:\users\dwarfkhan\documents\work\cs 212 new\fightquest\fightquest\debug\shopitem.obj
c:\users\dwarfkhan\documents\work\cs 212 new\fightquest\fightquest\debug\equipment.obj
c:\users\dwarfkhan\documents\work\cs 212 new\fightquest\fightquest\debug\fightquest.res
c:\users\dwarfkhan\documents\work\cs 212 new\fightquest\fightquest\debug\vc141.idb
c:\users\dwarfkhan\documents\work\cs 212 new\fightquest\fightquest\debug\vc141.pdb
c:\users\dwarfkhan\documents\work\cs 212 new\fightquest\debug\fightquest.pdb
c:\users\dwarfkhan\documents\work\cs 212 new\fightquest\debug\fightquest.exe
c:\users\dwarfkhan\documents\work\cs 212 new\fightquest\debug\fightquest.ilk
c:\users\dwarfkhan\documents\work\cs 212 new\fightquest\fightquest\debug\fightquest.tlog\cl.command.1.tlog
c:\users\dwarfkhan\documents\work\cs 212 new\fightquest\fightquest\debug\fightquest.tlog\cl.read.1.tlog
c:\users\dwarfkhan\documents\work\cs 212 new\fightquest\fightquest\debug\fightquest.tlog\cl.write.1.tlog
c:\users\dwarfkhan\documents\work\cs 212 new\fightquest\fightquest\debug\fightquest.tlog\link.command.1.tlog
c:\users\dwarfkhan\documents\work\cs 212 new\fightquest\fightquest\debug\fightquest.tlog\link.read.1.tlog
c:\users\dwarfkhan\documents\work\cs 212 new\fightquest\fightquest\debug\fightquest.tlog\link.write.1.tlog
c:\users\dwarfkhan\documents\work\cs 212 new\fightquest\fightquest\debug\fightquest.tlog\rc.command.1.tlog
c:\users\dwarfkhan\documents\work\cs 212 new\fightquest\fightquest\debug\fightquest.tlog\rc.read.1.tlog
c:\users\dwarfkhan\documents\work\cs 212 new\fightquest\fightquest\debug\fightquest.tlog\rc.write.1.tlog
